2024-09-28 16:03:38,783 - WARNING - Это сообщение уровня WARNING.
2024-09-28 16:03:38,783 - ERROR - Это сообщение уровня ERROR.
2024-09-28 16:03:38,783 - CRITICAL - Это сообщение уровня CRITICAL.
2024-09-28 16:04:08,770 - WARNING - Это сообщение уровня WARNING.
2024-09-28 16:04:08,770 - ERROR - Это сообщение уровня ERROR.
2024-09-28 16:04:08,770 - CRITICAL - Это сообщение уровня CRITICAL.
2024-09-28 16:06:24,411 - WARNING - Это сообщение уровня WARNING.
2024-09-28 16:06:24,411 - ERROR - Это сообщение уровня ERROR.
2024-09-28 16:06:24,411 - CRITICAL - Это сообщение уровня CRITICAL.
2024-09-28 16:08:06,681 - WARNING - Это сообщение уровня WARNING.
2024-09-28 16:08:06,681 - ERROR - Это сообщение уровня ERROR.
2024-09-28 16:08:06,681 - CRITICAL - Это сообщение уровня CRITICAL.
2024-09-28 16:08:20,168 - WARNING - Это сообщение уровня WARNING.
2024-09-28 16:08:20,168 - ERROR - Это сообщение уровня ERROR.
2024-09-28 16:08:20,168 - CRITICAL - Это сообщение уровня CRITICAL.
2024-09-28 16:08:34,255 - WARNING - Это сообщение уровня WARNING.
2024-09-28 16:08:34,255 - ERROR - Это сообщение уровня ERROR.
2024-09-28 16:08:34,255 - CRITICAL - Это сообщение уровня CRITICAL.
2024-09-28 16:25:46,999 - custom_logger - WARNING - This is a warning message
2024-09-28 16:25:46,999 - custom_logger - ERROR - This is an error message
2024-09-28 16:25:46,999 - custom_logger - CRITICAL - This is a critical message
